2020-07-06 11:04:14,833 [WARN] from Module in play-dev-mode-akka.actor.default-dispatcher-7 - Reading Stops
2020-07-06 11:04:15,130 [WARN] from org.apache.hadoop.util.NativeCodeLoader in play-dev-mode-akka.actor.default-dispatcher-7 - Unable to load native-hadoop library for your platform... using builtin-java classes where applicable
2020-07-06 11:04:20,125 [WARN] from Module in play-dev-mode-akka.actor.default-dispatcher-7 - Reading Lines
2020-07-06 11:04:20,416 [WARN] from Module in play-dev-mode-akka.actor.default-dispatcher-7 - Reading Times
2020-07-06 11:04:20,741 [WARN] from Module in play-dev-mode-akka.actor.default-dispatcher-7 - Starting Kafka Delays Consumer
2020-07-06 11:04:21,617 [INFO] from play.api.http.EnabledFilters in play-dev-mode-akka.actor.default-dispatcher-7 - Enabled Filters (see <https://www.playframework.com/documentation/latest/Filters>):

    play.filters.csrf.CSRFFilter
    play.filters.headers.SecurityHeadersFilter
    play.filters.hosts.AllowedHostsFilter

2020-07-06 11:04:21,624 [INFO] from play.api.Play in play-dev-mode-akka.actor.default-dispatcher-7 - Application started (Dev) (no global state)
2020-07-06 11:04:21,865 [TRACE] from v1.publictransport.VehicleActionBuilder in application-akka.actor.default-dispatcher-4 - invokeBlock: 
2020-07-06 11:04:22,041 [WARN] from data.delays.DelaysConsumer in application-delays.consumer-5 - line S75 will be 3840 seconds delayed
2020-07-06 11:04:22,042 [WARN] from data.delays.DelaysConsumer in application-delays.consumer-5 - line S75 will be 660 seconds delayed
2020-07-06 11:04:22,042 [WARN] from data.delays.DelaysConsumer in application-delays.consumer-5 - line M4 will be 960 seconds delayed
2020-07-06 11:04:22,042 [WARN] from data.delays.DelaysConsumer in application-delays.consumer-5 - line M4 will be 5580 seconds delayed
2020-07-06 11:04:22,042 [WARN] from data.delays.DelaysConsumer in application-delays.consumer-5 - line S75 will be 2460 seconds delayed
2020-07-06 11:04:22,042 [WARN] from data.delays.DelaysConsumer in application-delays.consumer-5 - line 200 will be 1020 seconds delayed
2020-07-06 11:04:25,398 [TRACE] from v1.publictransport.VehicleActionBuilder in application-akka.actor.default-dispatcher-4 - invokeBlock: 
2020-07-06 11:04:26,601 [TRACE] from v1.publictransport.VehicleActionBuilder in application-akka.actor.default-dispatcher-4 - invokeBlock: 
2020-07-06 11:04:27,160 [TRACE] from v1.publictransport.VehicleActionBuilder in application-akka.actor.default-dispatcher-4 - invokeBlock: 
2020-07-06 11:04:27,501 [TRACE] from v1.publictransport.VehicleActionBuilder in application-akka.actor.default-dispatcher-4 - invokeBlock: 
2020-07-06 11:04:27,810 [TRACE] from v1.publictransport.VehicleActionBuilder in application-akka.actor.default-dispatcher-4 - invokeBlock: 
2020-07-06 11:04:28,566 [TRACE] from v1.publictransport.VehicleActionBuilder in application-akka.actor.default-dispatcher-4 - invokeBlock: 
2020-07-06 11:04:28,750 [WARN] from data.delays.DelaysConsumer in application-delays.consumer-5 - line M4 will be 4020 seconds delayed
2020-07-06 11:04:28,900 [TRACE] from v1.publictransport.VehicleActionBuilder in application-akka.actor.default-dispatcher-4 - invokeBlock: 
2020-07-06 11:04:29,340 [TRACE] from v1.publictransport.VehicleActionBuilder in application-akka.actor.default-dispatcher-4 - invokeBlock: 
2020-07-06 11:04:29,645 [TRACE] from v1.publictransport.VehicleActionBuilder in application-akka.actor.default-dispatcher-4 - invokeBlock: 
2020-07-06 11:04:29,978 [TRACE] from v1.publictransport.VehicleActionBuilder in application-akka.actor.default-dispatcher-4 - invokeBlock: 
2020-07-06 11:04:30,274 [TRACE] from v1.publictransport.VehicleActionBuilder in application-akka.actor.default-dispatcher-4 - invokeBlock: 
2020-07-06 11:04:30,594 [TRACE] from v1.publictransport.VehicleActionBuilder in application-akka.actor.default-dispatcher-4 - invokeBlock: 
2020-07-06 11:04:31,751 [WARN] from data.delays.DelaysConsumer in application-delays.consumer-5 - line 200 will be 2340 seconds delayed
2020-07-06 11:04:34,425 [TRACE] from v1.publictransport.VehicleActionBuilder in application-akka.actor.default-dispatcher-4 - invokeBlock: 
2020-07-06 11:04:34,913 [TRACE] from v1.publictransport.VehicleActionBuilder in application-akka.actor.default-dispatcher-4 - invokeBlock: 
2020-07-06 11:04:35,233 [TRACE] from v1.publictransport.VehicleActionBuilder in application-akka.actor.default-dispatcher-4 - invokeBlock: 
2020-07-06 11:04:35,535 [TRACE] from v1.publictransport.VehicleActionBuilder in application-akka.actor.default-dispatcher-4 - invokeBlock: 
2020-07-06 11:04:41,753 [WARN] from data.delays.DelaysConsumer in application-delays.consumer-5 - line M4 will be 3720 seconds delayed
2020-07-06 11:04:44,223 [TRACE] from v1.publictransport.VehicleActionBuilder in application-akka.actor.default-dispatcher-4 - invokeBlock: 
2020-07-06 11:04:44,682 [TRACE] from v1.publictransport.VehicleActionBuilder in application-akka.actor.default-dispatcher-4 - invokeBlock: 
2020-07-06 11:04:46,676 [TRACE] from v1.publictransport.VehicleActionBuilder in application-akka.actor.default-dispatcher-4 - invokeBlock: 
2020-07-06 11:04:46,753 [WARN] from data.delays.DelaysConsumer in application-delays.consumer-5 - line 200 will be 6480 seconds delayed
2020-07-06 11:04:47,394 [TRACE] from v1.publictransport.VehicleActionBuilder in application-akka.actor.default-dispatcher-4 - invokeBlock: 
2020-07-06 11:04:48,206 [TRACE] from v1.publictransport.VehicleActionBuilder in application-akka.actor.default-dispatcher-4 - invokeBlock: 
2020-07-06 11:04:49,068 [TRACE] from v1.publictransport.VehicleActionBuilder in application-akka.actor.default-dispatcher-4 - invokeBlock: 
2020-07-06 11:04:49,844 [TRACE] from v1.publictransport.VehicleActionBuilder in application-akka.actor.default-dispatcher-4 - invokeBlock: 
2020-07-06 11:04:51,756 [INFO] from play.core.server.AkkaHttpServer in play-dev-mode-shutdown-hook-1 - Stopping Akka HTTP server...
2020-07-06 11:04:51,759 [INFO] from play.core.server.AkkaHttpServer in play-dev-mode-akka.actor.internal-dispatcher-2 - Terminating server binding for /0:0:0:0:0:0:0:0:8081
2020-07-06 11:04:51,810 [INFO] from play.core.server.AkkaHttpServer in play-dev-mode-akka.actor.internal-dispatcher-4 - Running provided shutdown stop hooks
